2021-10-06T20:43:11.8891122-06:00;VSTestExecutionThread;Info;SpecFlow+Runner execution started
2021-10-06T20:43:11.8891122-06:00;VSTestExecutionThread;Info;SpecFlow+Runner 3.4.19 in Framework clr40 in x86 mode execution started
2021-10-06T20:43:11.8891122-06:00;VSTestExecutionThread;Info;TestAdapter Location: C:\Users\user\source\repos\PracticingSix\packages\SpecRun.Runner.3.4.19\tools\net461\TechTalk.SpecRun.VisualStudio.TestAdapter.dll
2021-10-06T20:43:11.8891122-06:00;VSTestExecutionThread;Info;Current UserName: 'user', MachineName: 'DESKTOP-5BKHEHG'
2021-10-06T20:43:12.0091394-06:00;VSTestExecutionThread;Info;SpecRun: running tests in C:\Users\user\source\repos\PracticingSix\bin\Debug\PracticingSix.dll
2021-10-06T20:43:12.0091394-06:00;VSTestExecutionThread;Info;Output folder configured to "C:\Users\user\source\repos\PracticingSix\TestResults" (default)
2021-10-06T20:43:12.0091394-06:00;VSTestExecutionThread;Info;Profile: PracticingSix
2021-10-06T20:43:12.0551512-06:00;VSTestExecutionThread;Info;Log file path: C:\Users\user\source\repos\PracticingSix\TestResults\PracticingSix_PracticingSix_2021-10-06T204312.log
2021-10-06T20:43:12.0601505-06:00;Thread#13;Info;Checking activation
2021-10-06T20:43:12.1581732-06:00;Thread#13;Info;Activated.
2021-10-06T20:43:12.1581732-06:00;Thread#13;Info;Activation check completed
2021-10-06T20:43:12.1591733-06:00;Thread#13;Info;Starting test run
2021-10-06T20:43:12.2031854-06:00;Thread#13;Info;Discovering target: Default
2021-10-06T20:43:12.2041850-06:00;Thread#13;Info;Discovering tests from assembly: C:\Users\user\source\repos\PracticingSix\bin\Debug\PracticingSix.dll
2021-10-06T20:43:12.5582782-06:00;Thread#13;Info;Discovered tests from assembly: C:\Users\user\source\repos\PracticingSix\bin\Debug\PracticingSix.dll
2021-10-06T20:43:12.5592792-06:00:Test Suite Dump
2021-10-06T20:43:12.5602790-06:00:#0: PracticingSix/PracticingSix - 
2021-10-06T20:43:12.5602790-06:00:#1: Default - 
2021-10-06T20:43:12.5602790-06:00:#2: PracticingSix - 
2021-10-06T20:43:12.5602790-06:00:#4: Twitch Bot! - 
2021-10-06T20:43:12.5943036-06:00:#5: It's Twitch Bot time - TestAssembly:PracticingSix/Feature:Twitch+Bot!/Scenario:It%27s+Twitch+Bot+time
2021-10-06T20:43:12.5943036-06:00:End: Test Suite Dump
2021-10-06T20:43:12.6278194-06:00:Thread#0:Scheduler: get next test for thread 0
2021-10-06T20:43:12.6298197-06:00:Thread#:Scheduler: testitem #5 from normal test queue 
2021-10-06T20:43:12.6298197-06:00:Thread#0:Scheduler: considering testitem #5 for thread 0
2021-10-06T20:43:12.6348296-06:00:Thread#0:TestItem#5:testItemMatchesCurrentTestThread:UnSpecific
2021-10-06T20:43:12.6348296-06:00:Thread#0:TestItem#5:runsOnOneOtherThreadSpecific:False
2021-10-06T20:43:12.6348296-06:00:Thread#0:TestItem#5:runsOnOneOtherThreadUnspecific:True
2021-10-06T20:43:12.6348296-06:00:Thread#0:Scheduler: using testitem #5 for thread 0
2021-10-06T20:43:12.6358208-06:00:Thread#0:Scheduler: Test #5 is scheduled for thread
2021-10-06T20:43:12.6368217-06:00:Thread#0:Scheduler: with testItemExecutionIndex 0
2021-10-06T20:43:12.6368217-06:00:Thread#1:Scheduler: get next test for thread 1
2021-10-06T20:43:12.6368217-06:00:Thread#:Scheduler: at the end of normal test queue
2021-10-06T20:43:12.6368217-06:00:Thread#1:Scheduler: enumerator for thread is at end
2021-10-06T20:43:12.6368217-06:00:Thread#1:Scheduler: No more tests for thread
2021-10-06T20:43:12.6388216-06:00:Thread #0: creating new test thread executor for PracticingSix, Version=1.0.0.0, Culture=neutral, PublicKeyToken=null (target: Default)
2021-10-06T20:43:12.6408218-06:00:Thread #0: Creating test assembly executor for execution model OutProc
2021-10-06T20:43:12.6698446-06:00:Thread #0: Creating test assembly executor for execution model OutProc
2021-10-06T20:43:12.6718440-06:00:Thread #0: using TechTalk.SpecRun.Framework.Execution.OutOfProc.StreamJsonRPC.OutOfProcessTestAssemblyExecutorHost to execute tests
2021-10-06T20:43:12.6748444-06:00:starting Out Of Process Executor
2021-10-06T20:43:12.6818472-06:00:Starting callback TCP Rpc server
2021-10-06T20:43:12.6988496-06:00:Asynchronously starting background TCP Rpc Server on port 32768
2021-10-06T20:43:12.6988496-06:00:Started callback TCP Rpc server on port 32768
2021-10-06T20:43:12.6988496-06:00:Starting logger TCP Rpc server
2021-10-06T20:43:12.7058510-06:00:Asynchronously starting background TCP Rpc Server on port 32769
2021-10-06T20:43:12.7058510-06:00:Started logger TCP Rpc server on port 32769
2021-10-06T20:43:12.7108531-06:00:Executing test executor at 'C:\Users\user\source\repos\PracticingSix\packages\SpecRun.Runner.3.4.19\tools\net461\TechTalk.SpecRun.Framework.Executor.x86.clr40.exe' '--remoteRunnerPid 8992 --uniqueId "2021-10-06T204311" --outputFolder "C:\Users\user\source\repos\PracticingSix\TestResults" --callbackPort 32768 --loggerPort 32769' in 'C:\Users\user\source\repos\PracticingSix\packages\SpecRun.Runner.3.4.19\tools\net461'
2021-10-06T20:43:12.7368597-06:00:Executor with PID 15604 has been started successfully.
2021-10-06T20:43:12.7398604-06:00:Out of Process Executor 15604 started
2021-10-06T20:43:12.7398604-06:00:Waiting for endpoint
2021-10-06T20:43:13.4390894-06:00:Remote executor port received: 32770
2021-10-06T20:43:13.4400893-06:00:Creating executor TCP client on port 32770
2021-10-06T20:43:13.4400893-06:00:Created executor TCP client on port 32770
2021-10-06T20:43:13.4400893-06:00:Connecting to remote executor TCP server
2021-10-06T20:43:13.4410982-06:00:Connected remote executor TCP server
2021-10-06T20:43:13.4410982-06:00:trying to connect to Out of Process Executor the 1 attempt
2021-10-06T20:43:13.4410982-06:00:Connection to Out of Process Executor established in the 1 attempt
2021-10-06T20:43:14.0352237-06:00:2021-10-06T20:43:14.0342237-06:00:OutOfProcessTestAssemblyExecutor: initialized for C:\Users\user\source\repos\PracticingSix\bin\Debug\PracticingSix.dll on test thread #0
2021-10-06T20:43:14.0402247-06:00:Endpoint 15604 started
2021-10-06T20:43:14.0592305-06:00:2021-10-06T20:43:14.0582312-06:00:OutOfProcessTestAssemblyExecutor: running tests...
2021-10-06T20:43:14.4643872-06:00:2021-10-06T20:43:14.4643872-06:00:Thread#0:T:-> Loading plugin C:\Users\user\source\repos\PracticingSix\bin\Debug\SpecRun.Runtime.SpecFlowPlugin.dll
2021-10-06T20:43:14.4959330-06:00:2021-10-06T20:43:14.4953992-06:00:Thread#0:T:-> Using default config
2021-10-06T20:43:15.6831030-06:00:2021-10-06T20:43:15.6821025-06:00:Thread#0:T:Starting the driver...
2021-10-06T20:43:17.3860954-06:00:2021-10-06T20:43:17.3860954-06:00:OutOfProcessTestAssemblyExecutor: RunTest error: System.Runtime.Serialization.SerializationException: Unable to find assembly 'WebDriver, Version=3.141.0.0, Culture=neutral, PublicKeyToken=null'.

Server stack trace: 
   at System.Runtime.Serialization.Formatters.Binary.BinaryAssemblyInfo.GetAssembly()
   at System.Runtime.Serialization.Formatters.Binary.ObjectReader.GetType(BinaryAssemblyInfo assemblyInfo, String name)
   at System.Runtime.Serialization.Formatters.Binary.ObjectMap..ctor(String objectName, String[] memberNames, BinaryTypeEnum[] binaryTypeEnumA, Object[] typeInformationA, Int32[] memberAssemIds, ObjectReader objectReader, Int32 objectId, BinaryAssemblyInfo assemblyInfo, SizedArray assemIdToAssemblyTable)
   at System.Runtime.Serialization.Formatters.Binary.__BinaryParser.ReadObjectWithMapTyped(BinaryObjectWithMapTyped record)
   at System.Runtime.Serialization.Formatters.Binary.__BinaryParser.ReadObjectWithMapTyped(BinaryHeaderEnum binaryHeaderEnum)
   at System.Runtime.Serialization.Formatters.Binary.__BinaryParser.Run()
   at System.Runtime.Serialization.Formatters.Binary.ObjectReader.Deserialize(HeaderHandler handler, __BinaryParser serParser, Boolean fCheck, Boolean isCrossAppDomain, IMethodCallMessage methodCallMessage)
   at System.Runtime.Serialization.Formatters.Binary.BinaryFormatter.Deserialize(Stream serializationStream, HeaderHandler handler, Boolean fCheck, Boolean isCrossAppDomain, IMethodCallMessage methodCallMessage)
   at System.Runtime.Remoting.Channels.CrossAppDomainSerializer.DeserializeObject(MemoryStream stm)
   at System.Runtime.Remoting.Messaging.SmuggledMethodReturnMessage.FixupForNewAppDomain()
   at System.Runtime.Remoting.Channels.CrossAppDomainSink.SyncProcessMessage(IMessage reqMsg)

Exception rethrown at [0]: 
   at System.Runtime.Remoting.Proxies.RealProxy.HandleReturnMessage(IMessage reqMsg, IMessage retMsg)
   at System.Runtime.Remoting.Proxies.RealProxy.PrivateInvoke(MessageData& msgData, Int32 type)
   at TechTalk.SpecRun.Framework.ITestAssemblyExecutor.RunTests(TestThreadState testThreadState)
   at TechTalk.SpecRun.Framework.Execution.InProcess.InProcAppDomainTestAssemblyExecutorHost.RunTests(TestThreadState testThreadState)
   at TechTalk.SpecRun.Framework.Execution.OutOfProcess.OutOfProcessTestAssemblyExecutor.RunTests(TestThreadState testThreadState)
2021-10-06T20:43:17.3900968-06:00:2021-10-06T20:43:17.3870955-06:00:OutOfProcessTestAssemblyExecutorReceiver - Error at RunTests - System.Runtime.Serialization.SerializationException: Unable to find assembly 'WebDriver, Version=3.141.0.0, Culture=neutral, PublicKeyToken=null'.

Server stack trace: 
   at System.Runtime.Serialization.Formatters.Binary.BinaryAssemblyInfo.GetAssembly()
   at System.Runtime.Serialization.Formatters.Binary.ObjectReader.GetType(BinaryAssemblyInfo assemblyInfo, String name)
   at System.Runtime.Serialization.Formatters.Binary.ObjectMap..ctor(String objectName, String[] memberNames, BinaryTypeEnum[] binaryTypeEnumA, Object[] typeInformationA, Int32[] memberAssemIds, ObjectReader objectReader, Int32 objectId, BinaryAssemblyInfo assemblyInfo, SizedArray assemIdToAssemblyTable)
   at System.Runtime.Serialization.Formatters.Binary.__BinaryParser.ReadObjectWithMapTyped(BinaryObjectWithMapTyped record)
   at System.Runtime.Serialization.Formatters.Binary.__BinaryParser.ReadObjectWithMapTyped(BinaryHeaderEnum binaryHeaderEnum)
   at System.Runtime.Serialization.Formatters.Binary.__BinaryParser.Run()
   at System.Runtime.Serialization.Formatters.Binary.ObjectReader.Deserialize(HeaderHandler handler, __BinaryParser serParser, Boolean fCheck, Boolean isCrossAppDomain, IMethodCallMessage methodCallMessage)
   at System.Runtime.Serialization.Formatters.Binary.BinaryFormatter.Deserialize(Stream serializationStream, HeaderHandler handler, Boolean fCheck, Boolean isCrossAppDomain, IMethodCallMessage methodCallMessage)
   at System.Runtime.Remoting.Channels.CrossAppDomainSerializer.DeserializeObject(MemoryStream stm)
   at System.Runtime.Remoting.Messaging.SmuggledMethodReturnMessage.FixupForNewAppDomain()
   at System.Runtime.Remoting.Channels.CrossAppDomainSink.SyncProcessMessage(IMessage reqMsg)

Exception rethrown at [0]: 
   at System.Runtime.Remoting.Proxies.RealProxy.HandleReturnMessage(IMessage reqMsg, IMessage retMsg)
   at System.Runtime.Remoting.Proxies.RealProxy.PrivateInvoke(MessageData& msgData, Int32 type)
   at TechTalk.SpecRun.Framework.ITestAssemblyExecutor.RunTests(TestThreadState testThreadState)
   at TechTalk.SpecRun.Framework.Execution.InProcess.InProcAppDomainTestAssemblyExecutorHost.RunTests(TestThreadState testThreadState)
   at TechTalk.SpecRun.Framework.Execution.OutOfProcess.OutOfProcessTestAssemblyExecutor.RunTests(TestThreadState testThreadState)
   at TechTalk.SpecRun.Framework.Execution.OutOfProcess.OutOfProcessTestAssemblyExecutorReceiver.RunTests(TestThreadState testThreadState)
2021-10-06T20:43:17.4381263-06:00:test thread #0 error: StreamJsonRpc.RemoteInvocationException: Unable to find assembly 'WebDriver, Version=3.141.0.0, Culture=neutral, PublicKeyToken=null'.
   at System.Runtime.CompilerServices.TaskAwaiter.ThrowForNonSuccess(Task task)
   at System.Runtime.CompilerServices.TaskAwaiter.HandleNonSuccessAndDebuggerNotification(Task task)
   at System.Runtime.CompilerServices.TaskAwaiter.ValidateEnd(Task task)
   at StreamJsonRpc.JsonRpc.<InvokeCoreAsync>d__88`1.MoveNext()
--- End of stack trace from previous location where exception was thrown ---
   at System.Runtime.CompilerServices.TaskAwaiter.ThrowForNonSuccess(Task task)
   at System.Runtime.CompilerServices.TaskAwaiter.HandleNonSuccessAndDebuggerNotification(Task task)
   at TechTalk.SpecFlow.Plus.RPC.TcpRpcClient.<Invoke>d__12`1.MoveNext()
--- End of stack trace from previous location where exception was thrown ---
   at System.Runtime.CompilerServices.TaskAwaiter.ThrowForNonSuccess(Task task)
   at System.Runtime.CompilerServices.TaskAwaiter.HandleNonSuccessAndDebuggerNotification(Task task)
   at TechTalk.SpecFlow.Plus.RPC.AsyncHelper.RunSync[TResult](Func`1 func)
   at TechTalk.SpecRun.Framework.Execution.OutOfProc.StreamJsonRPC.OutOfProcessTestAssemblyExecutorClient.RunTests(TestThreadState testThreadState)
   at TechTalk.SpecRun.Framework.Execution.OutOfProc.StreamJsonRPC.OutOfProcessTestAssemblyExecutorHost.RunTests(TestThreadState testThreadState)
   at TechTalk.SpecRun.Framework.TestThread.RunNonEmptyTestSuite(CancellationToken cancellationToken, TestThreadState testThreadState)
   at TechTalk.SpecRun.Framework.TestThread.Run(ITestExecutionManager executionManagerForRun, CancellationToken cancellationToken)
   at TechTalk.SpecRun.Framework.AsyncTestThreadRunner.RunSync(TestExecutionManager executionManager, CancellationToken cancellationToken)
2021-10-06T20:43:17.4381263-06:00:test thread error: TechTalk.SpecRun.Framework.SpecRunException: At least one test thread aborted. ---> StreamJsonRpc.RemoteInvocationException: Unable to find assembly 'WebDriver, Version=3.141.0.0, Culture=neutral, PublicKeyToken=null'.
   at System.Runtime.CompilerServices.TaskAwaiter.ThrowForNonSuccess(Task task)
   at System.Runtime.CompilerServices.TaskAwaiter.HandleNonSuccessAndDebuggerNotification(Task task)
   at System.Runtime.CompilerServices.TaskAwaiter.ValidateEnd(Task task)
   at StreamJsonRpc.JsonRpc.<InvokeCoreAsync>d__88`1.MoveNext()
--- End of stack trace from previous location where exception was thrown ---
   at System.Runtime.CompilerServices.TaskAwaiter.ThrowForNonSuccess(Task task)
   at System.Runtime.CompilerServices.TaskAwaiter.HandleNonSuccessAndDebuggerNotification(Task task)
   at TechTalk.SpecFlow.Plus.RPC.TcpRpcClient.<Invoke>d__12`1.MoveNext()
--- End of stack trace from previous location where exception was thrown ---
   at System.Runtime.CompilerServices.TaskAwaiter.ThrowForNonSuccess(Task task)
   at System.Runtime.CompilerServices.TaskAwaiter.HandleNonSuccessAndDebuggerNotification(Task task)
   at TechTalk.SpecFlow.Plus.RPC.AsyncHelper.RunSync[TResult](Func`1 func)
   at TechTalk.SpecRun.Framework.Execution.OutOfProc.StreamJsonRPC.OutOfProcessTestAssemblyExecutorClient.RunTests(TestThreadState testThreadState)
   at TechTalk.SpecRun.Framework.Execution.OutOfProc.StreamJsonRPC.OutOfProcessTestAssemblyExecutorHost.RunTests(TestThreadState testThreadState)
   at TechTalk.SpecRun.Framework.TestThread.RunNonEmptyTestSuite(CancellationToken cancellationToken, TestThreadState testThreadState)
   at TechTalk.SpecRun.Framework.TestThread.Run(ITestExecutionManager executionManagerForRun, CancellationToken cancellationToken)
   at TechTalk.SpecRun.Framework.AsyncTestThreadRunner.RunSync(TestExecutionManager executionManager, CancellationToken cancellationToken)
   --- End of inner exception stack trace ---
2021-10-06T20:43:17.4391268-06:00:Trying to cancel thread
2021-10-06T20:43:17.4391268-06:00:Thread cancelled
2021-10-06T20:43:17.4391268-06:00:Trying to cancel thread
2021-10-06T20:43:17.4391268-06:00:Thread cancelled
2021-10-06T20:43:17.4471282-06:00:Thread#-1: Test #5/0 is started on thread #-1
2021-10-06T20:43:17.4491289-06:00:Thread#-1: Test #5/0 is finished on thread #-1 as Skipped within 0.0010003 seconds
2021-10-06T20:43:17.4521297-06:00:Thread#-1:Scheduler: get next test for thread -1
2021-10-06T20:43:17.4521297-06:00:Thread#:Scheduler: at the end of normal test queue
2021-10-06T20:43:17.4521297-06:00:Thread#-1:Scheduler: enumerator for thread is at end
2021-10-06T20:43:17.5221476-06:00;Thread#13;Info;test run finished
2021-10-06T20:43:17.5221476-06:00;Thread#13;Info;publishing test results
2021-10-06T20:43:17.5971640-06:00;Thread#13;Info;test results published
2021-10-06T20:43:17.5971640-06:00;Thread#13;Info;generating reports
2021-10-06T20:43:17.7622013-06:00;Thread#13;Info;Starting external report generation process
2021-10-06T20:43:19.5061472-06:00;Thread#13;Error;Could not generate test run result reports. An error occurred in the generator.
2021-10-06T20:43:19.5061472-06:00;Thread#13;Error;External program returned exit code '-2'
2021-10-06T20:43:19.5061472-06:00;Thread#13;Info;Failed generating reports
2021-10-06T20:43:19.5171495-06:00:Total: 1
2021-10-06T20:43:19.5201511-06:00:Succeeded: 0
2021-10-06T20:43:19.5201511-06:00:Ignored: 0
2021-10-06T20:43:19.5211507-06:00:Pending: 0
2021-10-06T20:43:19.5211507-06:00:Skipped: 1
2021-10-06T20:43:19.5221513-06:00:Failed: 0
2021-10-06T20:43:19.5241511-06:00;VSTestExecutionThread;Info;Adding attachments to VSTest
========== End of log file ==========
