2021-07-23T20:39:09.4009810-06:00;VSTestExecutionThread;Info;SpecFlow+Runner execution started
2021-07-23T20:39:09.4009810-06:00;VSTestExecutionThread;Info;SpecFlow+Runner 3.4.19 in Framework clr40 in x86 mode execution started
2021-07-23T20:39:09.4009810-06:00;VSTestExecutionThread;Info;TestAdapter Location: C:\Users\user\source\repos\PracticingSix\packages\SpecRun.Runner.3.4.19\tools\net461\TechTalk.SpecRun.VisualStudio.TestAdapter.dll
2021-07-23T20:39:09.4019818-06:00;VSTestExecutionThread;Info;Current UserName: 'user', MachineName: 'DESKTOP-5BKHEHG'
2021-07-23T20:39:09.5590357-06:00;VSTestExecutionThread;Info;SpecRun: running tests in C:\Users\user\source\repos\PracticingSix\bin\Debug\PracticingSix.dll
2021-07-23T20:39:09.5590357-06:00;VSTestExecutionThread;Info;Output folder configured to "C:\Users\user\source\repos\PracticingSix\TestResults" (default)
2021-07-23T20:39:09.5590357-06:00;VSTestExecutionThread;Info;Profile: PracticingSix
2021-07-23T20:39:09.6215784-06:00;VSTestExecutionThread;Info;Log file path: C:\Users\user\source\repos\PracticingSix\TestResults\PracticingSix_PracticingSix_2021-07-23T203909.log
2021-07-23T20:39:09.6290897-06:00;Thread#13;Info;Checking activation
2021-07-23T20:39:09.7561880-06:00;Thread#13;Info;Activated.
2021-07-23T20:39:09.7571881-06:00;Thread#13;Info;Activation check completed
2021-07-23T20:39:09.7571881-06:00;Thread#13;Info;Starting test run
2021-07-23T20:39:09.8207315-06:00;Thread#13;Info;Discovering target: Default
2021-07-23T20:39:09.8207315-06:00;Thread#13;Info;Discovering tests from assembly: C:\Users\user\source\repos\PracticingSix\bin\Debug\PracticingSix.dll
2021-07-23T20:39:10.3380308-06:00;Thread#13;Info;Discovered tests from assembly: C:\Users\user\source\repos\PracticingSix\bin\Debug\PracticingSix.dll
2021-07-23T20:39:10.3390181-06:00:Test Suite Dump
2021-07-23T20:39:10.3420188-06:00:#0: PracticingSix/PracticingSix - 
2021-07-23T20:39:10.3420188-06:00:#1: Default - 
2021-07-23T20:39:10.3420188-06:00:#2: PracticingSix - 
2021-07-23T20:39:10.3420188-06:00:#4: Twitch Bot! - 
2021-07-23T20:39:10.4070662-06:00:#5: It's Twitch Bot time - TestAssembly:PracticingSix/Feature:Twitch+Bot!/Scenario:It%27s+Twitch+Bot+time
2021-07-23T20:39:10.4070662-06:00:End: Test Suite Dump
2021-07-23T20:39:10.5181469-06:00:Thread#0:Scheduler: get next test for thread 0
2021-07-23T20:39:10.5251493-06:00:Thread#:Scheduler: testitem #5 from normal test queue 
2021-07-23T20:39:10.5251493-06:00:Thread#0:Scheduler: considering testitem #5 for thread 0
2021-07-23T20:39:10.5386614-06:00:Thread#0:TestItem#5:testItemMatchesCurrentTestThread:UnSpecific
2021-07-23T20:39:10.5386614-06:00:Thread#0:TestItem#5:runsOnOneOtherThreadSpecific:False
2021-07-23T20:39:10.5386614-06:00:Thread#0:TestItem#5:runsOnOneOtherThreadUnspecific:True
2021-07-23T20:39:10.5386614-06:00:Thread#0:Scheduler: using testitem #5 for thread 0
2021-07-23T20:39:10.5406616-06:00:Thread#0:Scheduler: Test #5 is scheduled for thread
2021-07-23T20:39:10.5416617-06:00:Thread#0:Scheduler: with testItemExecutionIndex 0
2021-07-23T20:39:10.5416617-06:00:Thread#1:Scheduler: get next test for thread 1
2021-07-23T20:39:10.5416617-06:00:Thread#:Scheduler: at the end of normal test queue
2021-07-23T20:39:10.5426615-06:00:Thread#1:Scheduler: enumerator for thread is at end
2021-07-23T20:39:10.5426615-06:00:Thread#1:Scheduler: No more tests for thread
2021-07-23T20:39:10.5456631-06:00:Thread #0: creating new test thread executor for PracticingSix, Version=1.0.0.0, Culture=neutral, PublicKeyToken=null (target: Default)
2021-07-23T20:39:10.5481836-06:00:Thread #0: Creating test assembly executor for execution model OutProc
2021-07-23T20:39:10.6407013-06:00:Thread #0: Creating test assembly executor for execution model OutProc
2021-07-23T20:39:10.6477038-06:00:Thread #0: using TechTalk.SpecRun.Framework.Execution.OutOfProc.StreamJsonRPC.OutOfProcessTestAssemblyExecutorHost to execute tests
2021-07-23T20:39:10.6517036-06:00:starting Out Of Process Executor
2021-07-23T20:39:10.6977146-06:00:Starting callback TCP Rpc server
2021-07-23T20:39:10.7327218-06:00:Asynchronously starting background TCP Rpc Server on port 32768
2021-07-23T20:39:10.7327218-06:00:Started callback TCP Rpc server on port 32768
2021-07-23T20:39:10.7327218-06:00:Starting logger TCP Rpc server
2021-07-23T20:39:10.7427246-06:00:Asynchronously starting background TCP Rpc Server on port 32769
2021-07-23T20:39:10.7427246-06:00:Started logger TCP Rpc server on port 32769
2021-07-23T20:39:10.7507281-06:00:Executing test executor at 'C:\Users\user\source\repos\PracticingSix\packages\SpecRun.Runner.3.4.19\tools\net461\TechTalk.SpecRun.Framework.Executor.x86.clr40.exe' '--remoteRunnerPid 15980 --uniqueId "2021-07-23T203909" --outputFolder "C:\Users\user\source\repos\PracticingSix\TestResults" --callbackPort 32768 --loggerPort 32769' in 'C:\Users\user\source\repos\PracticingSix\packages\SpecRun.Runner.3.4.19\tools\net461'
2021-07-23T20:39:10.8357455-06:00:Executor with PID 16472 has been started successfully.
2021-07-23T20:39:10.8387457-06:00:Out of Process Executor 16472 started
2021-07-23T20:39:10.8387457-06:00:Waiting for endpoint
2021-07-23T20:39:12.5076343-06:00:Remote executor port received: 32770
2021-07-23T20:39:12.5086343-06:00:Creating executor TCP client on port 32770
2021-07-23T20:39:12.5096365-06:00:Created executor TCP client on port 32770
2021-07-23T20:39:12.5096365-06:00:Connecting to remote executor TCP server
2021-07-23T20:39:12.5106364-06:00:Connected remote executor TCP server
2021-07-23T20:39:12.5126354-06:00:trying to connect to Out of Process Executor the 1 attempt
2021-07-23T20:39:12.5126354-06:00:Connection to Out of Process Executor established in the 1 attempt
2021-07-23T20:39:13.3758309-06:00:2021-07-23T20:39:13.3748312-06:00:OutOfProcessTestAssemblyExecutor: initialized for C:\Users\user\source\repos\PracticingSix\bin\Debug\PracticingSix.dll on test thread #0
2021-07-23T20:39:13.4038380-06:00:Endpoint 16472 started
2021-07-23T20:39:13.4318432-06:00:2021-07-23T20:39:13.4318432-06:00:OutOfProcessTestAssemblyExecutor: running tests...
2021-07-23T20:39:14.1465119-06:00:2021-07-23T20:39:14.1465119-06:00:Thread#0:T:-> Loading plugin C:\Users\user\source\repos\PracticingSix\bin\Debug\SpecRun.Runtime.SpecFlowPlugin.dll
2021-07-23T20:39:14.2255289-06:00:2021-07-23T20:39:14.2255289-06:00:Thread#0:T:-> Using default config
2021-07-23T20:39:16.5926474-06:00:2021-07-23T20:39:16.5826212-06:00:Thread#0:T:Starting the driver...
2021-07-23T20:39:19.3146921-06:00:2021-07-23T20:39:19.3136916-06:00:OutOfProcessTestAssemblyExecutor: RunTest error: System.Runtime.Serialization.SerializationException: Unable to find assembly 'WebDriver, Version=3.141.0.0, Culture=neutral, PublicKeyToken=null'.

Server stack trace: 
   at System.Runtime.Serialization.Formatters.Binary.BinaryAssemblyInfo.GetAssembly()
   at System.Runtime.Serialization.Formatters.Binary.ObjectReader.GetType(BinaryAssemblyInfo assemblyInfo, String name)
   at System.Runtime.Serialization.Formatters.Binary.ObjectMap..ctor(String objectName, String[] memberNames, BinaryTypeEnum[] binaryTypeEnumA, Object[] typeInformationA, Int32[] memberAssemIds, ObjectReader objectReader, Int32 objectId, BinaryAssemblyInfo assemblyInfo, SizedArray assemIdToAssemblyTable)
   at System.Runtime.Serialization.Formatters.Binary.__BinaryParser.ReadObjectWithMapTyped(BinaryObjectWithMapTyped record)
   at System.Runtime.Serialization.Formatters.Binary.__BinaryParser.ReadObjectWithMapTyped(BinaryHeaderEnum binaryHeaderEnum)
   at System.Runtime.Serialization.Formatters.Binary.__BinaryParser.Run()
   at System.Runtime.Serialization.Formatters.Binary.ObjectReader.Deserialize(HeaderHandler handler, __BinaryParser serParser, Boolean fCheck, Boolean isCrossAppDomain, IMethodCallMessage methodCallMessage)
   at System.Runtime.Serialization.Formatters.Binary.BinaryFormatter.Deserialize(Stream serializationStream, HeaderHandler handler, Boolean fCheck, Boolean isCrossAppDomain, IMethodCallMessage methodCallMessage)
   at System.Runtime.Remoting.Channels.CrossAppDomainSerializer.DeserializeObject(MemoryStream stm)
   at System.Runtime.Remoting.Messaging.SmuggledMethodReturnMessage.FixupForNewAppDomain()
   at System.Runtime.Remoting.Channels.CrossAppDomainSink.SyncProcessMessage(IMessage reqMsg)

Exception rethrown at [0]: 
   at System.Runtime.Remoting.Proxies.RealProxy.HandleReturnMessage(IMessage reqMsg, IMessage retMsg)
   at System.Runtime.Remoting.Proxies.RealProxy.PrivateInvoke(MessageData& msgData, Int32 type)
   at TechTalk.SpecRun.Framework.ITestAssemblyExecutor.RunTests(TestThreadState testThreadState)
   at TechTalk.SpecRun.Framework.Execution.InProcess.InProcAppDomainTestAssemblyExecutorHost.RunTests(TestThreadState testThreadState)
   at TechTalk.SpecRun.Framework.Execution.OutOfProcess.OutOfProcessTestAssemblyExecutor.RunTests(TestThreadState testThreadState)
2021-07-23T20:39:19.3166922-06:00:2021-07-23T20:39:19.3166922-06:00:OutOfProcessTestAssemblyExecutorReceiver - Error at RunTests - System.Runtime.Serialization.SerializationException: Unable to find assembly 'WebDriver, Version=3.141.0.0, Culture=neutral, PublicKeyToken=null'.

Server stack trace: 
   at System.Runtime.Serialization.Formatters.Binary.BinaryAssemblyInfo.GetAssembly()
   at System.Runtime.Serialization.Formatters.Binary.ObjectReader.GetType(BinaryAssemblyInfo assemblyInfo, String name)
   at System.Runtime.Serialization.Formatters.Binary.ObjectMap..ctor(String objectName, String[] memberNames, BinaryTypeEnum[] binaryTypeEnumA, Object[] typeInformationA, Int32[] memberAssemIds, ObjectReader objectReader, Int32 objectId, BinaryAssemblyInfo assemblyInfo, SizedArray assemIdToAssemblyTable)
   at System.Runtime.Serialization.Formatters.Binary.__BinaryParser.ReadObjectWithMapTyped(BinaryObjectWithMapTyped record)
   at System.Runtime.Serialization.Formatters.Binary.__BinaryParser.ReadObjectWithMapTyped(BinaryHeaderEnum binaryHeaderEnum)
   at System.Runtime.Serialization.Formatters.Binary.__BinaryParser.Run()
   at System.Runtime.Serialization.Formatters.Binary.ObjectReader.Deserialize(HeaderHandler handler, __BinaryParser serParser, Boolean fCheck, Boolean isCrossAppDomain, IMethodCallMessage methodCallMessage)
   at System.Runtime.Serialization.Formatters.Binary.BinaryFormatter.Deserialize(Stream serializationStream, HeaderHandler handler, Boolean fCheck, Boolean isCrossAppDomain, IMethodCallMessage methodCallMessage)
   at System.Runtime.Remoting.Channels.CrossAppDomainSerializer.DeserializeObject(MemoryStream stm)
   at System.Runtime.Remoting.Messaging.SmuggledMethodReturnMessage.FixupForNewAppDomain()
   at System.Runtime.Remoting.Channels.CrossAppDomainSink.SyncProcessMessage(IMessage reqMsg)

Exception rethrown at [0]: 
   at System.Runtime.Remoting.Proxies.RealProxy.HandleReturnMessage(IMessage reqMsg, IMessage retMsg)
   at System.Runtime.Remoting.Proxies.RealProxy.PrivateInvoke(MessageData& msgData, Int32 type)
   at TechTalk.SpecRun.Framework.ITestAssemblyExecutor.RunTests(TestThreadState testThreadState)
   at TechTalk.SpecRun.Framework.Execution.InProcess.InProcAppDomainTestAssemblyExecutorHost.RunTests(TestThreadState testThreadState)
   at TechTalk.SpecRun.Framework.Execution.OutOfProcess.OutOfProcessTestAssemblyExecutor.RunTests(TestThreadState testThreadState)
   at TechTalk.SpecRun.Framework.Execution.OutOfProcess.OutOfProcessTestAssemblyExecutorReceiver.RunTests(TestThreadState testThreadState)
2021-07-23T20:39:19.3392070-06:00:test thread #0 error: StreamJsonRpc.RemoteInvocationException: Unable to find assembly 'WebDriver, Version=3.141.0.0, Culture=neutral, PublicKeyToken=null'.
   at System.Runtime.CompilerServices.TaskAwaiter.ThrowForNonSuccess(Task task)
   at System.Runtime.CompilerServices.TaskAwaiter.HandleNonSuccessAndDebuggerNotification(Task task)
   at System.Runtime.CompilerServices.TaskAwaiter.ValidateEnd(Task task)
   at StreamJsonRpc.JsonRpc.<InvokeCoreAsync>d__88`1.MoveNext()
--- End of stack trace from previous location where exception was thrown ---
   at System.Runtime.CompilerServices.TaskAwaiter.ThrowForNonSuccess(Task task)
   at System.Runtime.CompilerServices.TaskAwaiter.HandleNonSuccessAndDebuggerNotification(Task task)
   at TechTalk.SpecFlow.Plus.RPC.TcpRpcClient.<Invoke>d__12`1.MoveNext()
--- End of stack trace from previous location where exception was thrown ---
   at System.Runtime.CompilerServices.TaskAwaiter.ThrowForNonSuccess(Task task)
   at System.Runtime.CompilerServices.TaskAwaiter.HandleNonSuccessAndDebuggerNotification(Task task)
   at TechTalk.SpecFlow.Plus.RPC.AsyncHelper.RunSync[TResult](Func`1 func)
   at TechTalk.SpecRun.Framework.Execution.OutOfProc.StreamJsonRPC.OutOfProcessTestAssemblyExecutorClient.RunTests(TestThreadState testThreadState)
   at TechTalk.SpecRun.Framework.Execution.OutOfProc.StreamJsonRPC.OutOfProcessTestAssemblyExecutorHost.RunTests(TestThreadState testThreadState)
   at TechTalk.SpecRun.Framework.TestThread.RunNonEmptyTestSuite(CancellationToken cancellationToken, TestThreadState testThreadState)
   at TechTalk.SpecRun.Framework.TestThread.Run(ITestExecutionManager executionManagerForRun, CancellationToken cancellationToken)
   at TechTalk.SpecRun.Framework.AsyncTestThreadRunner.RunSync(TestExecutionManager executionManager, CancellationToken cancellationToken)
2021-07-23T20:39:19.3402078-06:00:test thread error: TechTalk.SpecRun.Framework.SpecRunException: At least one test thread aborted. ---> StreamJsonRpc.RemoteInvocationException: Unable to find assembly 'WebDriver, Version=3.141.0.0, Culture=neutral, PublicKeyToken=null'.
   at System.Runtime.CompilerServices.TaskAwaiter.ThrowForNonSuccess(Task task)
   at System.Runtime.CompilerServices.TaskAwaiter.HandleNonSuccessAndDebuggerNotification(Task task)
   at System.Runtime.CompilerServices.TaskAwaiter.ValidateEnd(Task task)
   at StreamJsonRpc.JsonRpc.<InvokeCoreAsync>d__88`1.MoveNext()
--- End of stack trace from previous location where exception was thrown ---
   at System.Runtime.CompilerServices.TaskAwaiter.ThrowForNonSuccess(Task task)
   at System.Runtime.CompilerServices.TaskAwaiter.HandleNonSuccessAndDebuggerNotification(Task task)
   at TechTalk.SpecFlow.Plus.RPC.TcpRpcClient.<Invoke>d__12`1.MoveNext()
--- End of stack trace from previous location where exception was thrown ---
   at System.Runtime.CompilerServices.TaskAwaiter.ThrowForNonSuccess(Task task)
   at System.Runtime.CompilerServices.TaskAwaiter.HandleNonSuccessAndDebuggerNotification(Task task)
   at TechTalk.SpecFlow.Plus.RPC.AsyncHelper.RunSync[TResult](Func`1 func)
   at TechTalk.SpecRun.Framework.Execution.OutOfProc.StreamJsonRPC.OutOfProcessTestAssemblyExecutorClient.RunTests(TestThreadState testThreadState)
   at TechTalk.SpecRun.Framework.Execution.OutOfProc.StreamJsonRPC.OutOfProcessTestAssemblyExecutorHost.RunTests(TestThreadState testThreadState)
   at TechTalk.SpecRun.Framework.TestThread.RunNonEmptyTestSuite(CancellationToken cancellationToken, TestThreadState testThreadState)
   at TechTalk.SpecRun.Framework.TestThread.Run(ITestExecutionManager executionManagerForRun, CancellationToken cancellationToken)
   at TechTalk.SpecRun.Framework.AsyncTestThreadRunner.RunSync(TestExecutionManager executionManager, CancellationToken cancellationToken)
   --- End of inner exception stack trace ---
2021-07-23T20:39:19.3402078-06:00:Trying to cancel thread
2021-07-23T20:39:19.3402078-06:00:Thread cancelled
2021-07-23T20:39:19.3402078-06:00:Trying to cancel thread
2021-07-23T20:39:19.3402078-06:00:Thread cancelled
2021-07-23T20:39:19.3499476-06:00:Thread#-1: Test #5/0 is started on thread #-1
2021-07-23T20:39:19.3527212-06:00:Thread#-1: Test #5/0 is finished on thread #-1 as Skipped within 0.0009997 seconds
2021-07-23T20:39:19.3547219-06:00:Thread#-1:Scheduler: get next test for thread -1
2021-07-23T20:39:19.3547219-06:00:Thread#:Scheduler: at the end of normal test queue
2021-07-23T20:39:19.3547219-06:00:Thread#-1:Scheduler: enumerator for thread is at end
2021-07-23T20:39:19.4369295-06:00;Thread#13;Info;test run finished
2021-07-23T20:39:19.4369295-06:00;Thread#13;Info;publishing test results
2021-07-23T20:39:19.5772479-06:00;Thread#13;Info;test results published
2021-07-23T20:39:19.5772479-06:00;Thread#13;Info;generating reports
2021-07-23T20:39:19.7839458-06:00;Thread#13;Info;Starting external report generation process
2021-07-23T20:39:21.2672800-06:00;Thread#13;Error;Could not generate test run result reports. An error occurred in the generator.
2021-07-23T20:39:21.2682802-06:00;Thread#13;Error;External program returned exit code '-2'
2021-07-23T20:39:21.2682802-06:00;Thread#13;Info;Failed generating reports
2021-07-23T20:39:21.2782820-06:00:Total: 1
2021-07-23T20:39:21.2812823-06:00:Succeeded: 0
2021-07-23T20:39:21.2812823-06:00:Ignored: 0
2021-07-23T20:39:21.2822836-06:00:Pending: 0
2021-07-23T20:39:21.2822836-06:00:Skipped: 1
2021-07-23T20:39:21.2832834-06:00:Failed: 0
2021-07-23T20:39:21.2862850-06:00;VSTestExecutionThread;Info;Adding attachments to VSTest
========== End of log file ==========
