2021-09-08T21:42:43.3596940-06:00;VSTestExecutionThread;Info;SpecFlow+Runner execution started
2021-09-08T21:42:43.3596940-06:00;VSTestExecutionThread;Info;SpecFlow+Runner 3.4.19 in Framework clr40 in x86 mode execution started
2021-09-08T21:42:43.3596940-06:00;VSTestExecutionThread;Info;TestAdapter Location: C:\Users\user\source\repos\PracticingSix\packages\SpecRun.Runner.3.4.19\tools\net461\TechTalk.SpecRun.VisualStudio.TestAdapter.dll
2021-09-08T21:42:43.3596940-06:00;VSTestExecutionThread;Info;Current UserName: 'user', MachineName: 'DESKTOP-5BKHEHG'
2021-09-08T21:42:43.4676823-06:00;VSTestExecutionThread;Info;SpecRun: running tests in C:\Users\user\source\repos\PracticingSix\bin\Debug2\PracticingSix.dll
2021-09-08T21:42:43.4676823-06:00;VSTestExecutionThread;Info;Output folder configured to "C:\Users\user\source\repos\PracticingSix\TestResults" (default)
2021-09-08T21:42:43.4686740-06:00;VSTestExecutionThread;Info;Profile: PracticingSix
2021-09-08T21:42:43.5126841-06:00;VSTestExecutionThread;Info;Log file path: C:\Users\user\source\repos\PracticingSix\TestResults\PracticingSix_PracticingSix_2021-09-08T214243.log
2021-09-08T21:42:43.5176935-06:00;Thread#13;Info;Checking activation
2021-09-08T21:42:43.5887012-06:00;Thread#13;Info;Activated.
2021-09-08T21:42:43.5887012-06:00;Thread#13;Info;Activation check completed
2021-09-08T21:42:43.5887012-06:00;Thread#13;Info;Starting test run
2021-09-08T21:42:43.6227181-06:00;Thread#13;Info;Discovering target: Default
2021-09-08T21:42:43.6237174-06:00;Thread#13;Info;Discovering tests from assembly: C:\Users\user\source\repos\PracticingSix\bin\Debug2\PracticingSix.dll
2021-09-08T21:42:43.9495914-06:00;Thread#13;Info;Discovered tests from assembly: C:\Users\user\source\repos\PracticingSix\bin\Debug2\PracticingSix.dll
2021-09-08T21:42:43.9515907-06:00:Test Suite Dump
2021-09-08T21:42:43.9535913-06:00:#0: PracticingSix/PracticingSix - 
2021-09-08T21:42:43.9535913-06:00:#1: Default - 
2021-09-08T21:42:43.9535913-06:00:#2: PracticingSix - 
2021-09-08T21:42:43.9535913-06:00:#4: Twitch Bot! - 
2021-09-08T21:42:43.9861814-06:00:#5: It's Twitch Bot time - TestAssembly:PracticingSix/Feature:Twitch+Bot!/Scenario:It%27s+Twitch+Bot+time
2021-09-08T21:42:43.9861814-06:00:End: Test Suite Dump
2021-09-08T21:42:44.0211957-06:00:Thread#0:Scheduler: get next test for thread 0
2021-09-08T21:42:44.0231951-06:00:Thread#:Scheduler: testitem #5 from normal test queue 
2021-09-08T21:42:44.0231951-06:00:Thread#0:Scheduler: considering testitem #5 for thread 0
2021-09-08T21:42:44.0272060-06:00:Thread#0:TestItem#5:testItemMatchesCurrentTestThread:UnSpecific
2021-09-08T21:42:44.0272060-06:00:Thread#0:TestItem#5:runsOnOneOtherThreadSpecific:False
2021-09-08T21:42:44.0272060-06:00:Thread#0:TestItem#5:runsOnOneOtherThreadUnspecific:True
2021-09-08T21:42:44.0272060-06:00:Thread#0:Scheduler: using testitem #5 for thread 0
2021-09-08T21:42:44.0291980-06:00:Thread#0:Scheduler: Test #5 is scheduled for thread
2021-09-08T21:42:44.0291980-06:00:Thread#0:Scheduler: with testItemExecutionIndex 0
2021-09-08T21:42:44.0301969-06:00:Thread#1:Scheduler: get next test for thread 1
2021-09-08T21:42:44.0301969-06:00:Thread#:Scheduler: at the end of normal test queue
2021-09-08T21:42:44.0301969-06:00:Thread#1:Scheduler: enumerator for thread is at end
2021-09-08T21:42:44.0301969-06:00:Thread#1:Scheduler: No more tests for thread
2021-09-08T21:42:44.0311967-06:00:Thread #0: creating new test thread executor for PracticingSix, Version=1.0.0.0, Culture=neutral, PublicKeyToken=null (target: Default)
2021-09-08T21:42:44.0331991-06:00:Thread #0: Creating test assembly executor for execution model OutProc
2021-09-08T21:42:44.0352001-06:00:Thread #0: Creating test assembly executor for execution model OutProc
2021-09-08T21:42:44.0372082-06:00:Thread #0: using TechTalk.SpecRun.Framework.Execution.OutOfProc.StreamJsonRPC.OutOfProcessTestAssemblyExecutorHost to execute tests
2021-09-08T21:42:44.0392015-06:00:starting Out Of Process Executor
2021-09-08T21:42:44.0467335-06:00:Starting callback TCP Rpc server
2021-09-08T21:42:44.0607371-06:00:Asynchronously starting background TCP Rpc Server on port 32772
2021-09-08T21:42:44.0607371-06:00:Started callback TCP Rpc server on port 32772
2021-09-08T21:42:44.0607371-06:00:Starting logger TCP Rpc server
2021-09-08T21:42:44.0627367-06:00:Asynchronously starting background TCP Rpc Server on port 32773
2021-09-08T21:42:44.0627367-06:00:Started logger TCP Rpc server on port 32773
2021-09-08T21:42:44.0677381-06:00:Executing test executor at 'C:\Users\user\source\repos\PracticingSix\packages\SpecRun.Runner.3.4.19\tools\net461\TechTalk.SpecRun.Framework.Executor.x86.clr40.exe' '--remoteRunnerPid 8732 --uniqueId "2021-09-08T214243" --outputFolder "C:\Users\user\source\repos\PracticingSix\TestResults" --callbackPort 32772 --loggerPort 32773' in 'C:\Users\user\source\repos\PracticingSix\packages\SpecRun.Runner.3.4.19\tools\net461'
2021-09-08T21:42:44.0737408-06:00:Executor with PID 9156 has been started successfully.
2021-09-08T21:42:44.0777426-06:00:Out of Process Executor 9156 started
2021-09-08T21:42:44.0777426-06:00:Waiting for endpoint
2021-09-08T21:42:44.5649709-06:00:Remote executor port received: 32774
2021-09-08T21:42:44.5649709-06:00:Creating executor TCP client on port 32774
2021-09-08T21:42:44.5659725-06:00:Created executor TCP client on port 32774
2021-09-08T21:42:44.5659725-06:00:Connecting to remote executor TCP server
2021-09-08T21:42:44.5659725-06:00:Connected remote executor TCP server
2021-09-08T21:42:44.5659725-06:00:trying to connect to Out of Process Executor the 1 attempt
2021-09-08T21:42:44.5659725-06:00:Connection to Out of Process Executor established in the 1 attempt
2021-09-08T21:42:44.7048497-06:00:2021-09-08T21:42:44.7038487-06:00:OutOfProcessTestAssemblyExecutor: initialized for C:\Users\user\source\repos\PracticingSix\bin\Debug2\PracticingSix.dll on test thread #0
2021-09-08T21:42:44.7108507-06:00:Endpoint 9156 started
2021-09-08T21:42:44.7291912-06:00:2021-09-08T21:42:44.7291912-06:00:OutOfProcessTestAssemblyExecutor: running tests...
2021-09-08T21:42:45.0388482-06:00:2021-09-08T21:42:45.0388482-06:00:Thread#0:T:-> Loading plugin C:\Users\user\source\repos\PracticingSix\bin\Debug2\SpecRun.Runtime.SpecFlowPlugin.dll
2021-09-08T21:42:45.0451558-06:00:2021-09-08T21:42:45.0451558-06:00:Thread#0:T:-> Using default config
2021-09-08T21:42:45.6900768-06:00:2021-09-08T21:42:45.6890756-06:00:Thread#0:T:Starting the driver...
2021-09-08T21:42:47.2362135-06:00:2021-09-08T21:42:47.2342129-06:00:OutOfProcessTestAssemblyExecutor: RunTest error: System.InvalidOperationException: session not created: This version of ChromeDriver only supports Chrome version 91
Current browser version is 93.0.4577.63 with binary path C:\Program Files (x86)\Google\Chrome\Application\chrome.exe (SessionNotCreated)

Server stack trace: 
   at OpenQA.Selenium.Remote.RemoteWebDriver.UnpackAndThrowOnError(Response errorResponse)
   at OpenQA.Selenium.Remote.RemoteWebDriver.Execute(String driverCommandToExecute, Dictionary`2 parameters)
   at OpenQA.Selenium.Remote.RemoteWebDriver.StartSession(ICapabilities desiredCapabilities)
   at OpenQA.Selenium.Remote.RemoteWebDriver..ctor(ICommandExecutor commandExecutor, ICapabilities desiredCapabilities)
   at OpenQA.Selenium.Chrome.ChromeDriver..ctor(ChromeDriverService service, ChromeOptions options, TimeSpan commandTimeout)
   at PracticingSix.Browser.StartWebDriver() in C:\Users\user\source\repos\PracticingSix\Browser.cs:line 41
   at PracticingSix.Setup.BeforeTestRun() in C:\Users\user\source\repos\PracticingSix\Setup.cs:line 25
   at lambda_method(Closure , IContextManager )
   at TechTalk.SpecFlow.Bindings.BindingInvoker.InvokeBinding(IBinding binding, IContextManager contextManager, Object[] arguments, ITestTracer testTracer, TimeSpan& duration)
   at TechTalk.SpecFlow.Infrastructure.TestExecutionEngine.InvokeHook(IBindingInvoker invoker, IHookBinding hookBinding, HookType hookType)
   at TechTalk.SpecRun.SpecFlowPlugin.Runtime.RunnerTestExecutionEngine.InvokeHook(IBindingInvoker invoker, IHookBinding hookBinding, HookType hookType)
   at TechTalk.SpecFlow.Infrastructure.TestExecutionEngine.FireEvents(HookType hookType)
   at TechTalk.SpecFlow.Infrastructure.TestExecutionEngine.OnTestRunStart()
   at TechTalk.SpecRun.SpecFlowPlugin.Runtime.RunnerTestExecutionEngine.OnTestRunStart()
   at TechTalk.SpecFlow.TestRunner.OnTestRunStart()
   at TechTalk.SpecFlow.TestRunnerManager.FireTestRunStart()
   at TechTalk.SpecFlow.TestRunnerManager.OnTestRunStart(Assembly testAssembly, IContainerBuilder containerBuilder)
   at PracticingSix_SpecFlowPlusRunnerAssemblyHooks.AssemblyInitialize() in C:\Users\user\source\repos\PracticingSix\obj\Debug2\SpecFlow.Plus.Runner.AssemblyHooks.cs:line 10
   at TechTalk.SpecRun.Framework.TaskExecutors.StaticOrInstanceMethodExecutor.ExecuteInternal(ITestThreadExecutionContext testThreadExecutionContext)
   at TechTalk.SpecRun.Framework.TaskExecutors.StaticOrInstanceMethodExecutor.Execute(ITestThreadExecutionContext testThreadExecutionContext)
   at TechTalk.SpecRun.Framework.TestAssemblyExecutor.RunAssemblyInitializeExecutors(ITestAssemblyExecutorsProvider testAssemblyExecutorsProvider, ITestThreadExecutionContext testThreadExecutionContext)
   at TechTalk.SpecRun.Framework.TestAssemblyExecutor.RunTests(ITestAssemblyExecutorState executorState, ITestAssemblyExecutorsProvider testAssemblyExecutorsProvider, ITestThreadExecutionContext testThreadExecutionContext)
   at TechTalk.SpecRun.Framework.TestAssemblyExecutor.RunTests(TestThreadState testThreadState)
   at System.Runtime.Remoting.Messaging.StackBuilderSink._PrivateProcessMessage(IntPtr md, Object[] args, Object server, Object[]& outArgs)
   at System.Runtime.Remoting.Messaging.StackBuilderSink.SyncProcessMessage(IMessage msg)

Exception rethrown at [0]: 
   at System.Runtime.Remoting.Proxies.RealProxy.HandleReturnMessage(IMessage reqMsg, IMessage retMsg)
   at System.Runtime.Remoting.Proxies.RealProxy.PrivateInvoke(MessageData& msgData, Int32 type)
   at TechTalk.SpecRun.Framework.ITestAssemblyExecutor.RunTests(TestThreadState testThreadState)
   at TechTalk.SpecRun.Framework.Execution.InProcess.InProcAppDomainTestAssemblyExecutorHost.RunTests(TestThreadState testThreadState)
   at TechTalk.SpecRun.Framework.Execution.OutOfProcess.OutOfProcessTestAssemblyExecutor.RunTests(TestThreadState testThreadState)
2021-09-08T21:42:47.2382231-06:00:2021-09-08T21:42:47.2362135-06:00:OutOfProcessTestAssemblyExecutorReceiver - Error at RunTests - System.InvalidOperationException: session not created: This version of ChromeDriver only supports Chrome version 91
Current browser version is 93.0.4577.63 with binary path C:\Program Files (x86)\Google\Chrome\Application\chrome.exe (SessionNotCreated)

Server stack trace: 
   at OpenQA.Selenium.Remote.RemoteWebDriver.UnpackAndThrowOnError(Response errorResponse)
   at OpenQA.Selenium.Remote.RemoteWebDriver.Execute(String driverCommandToExecute, Dictionary`2 parameters)
   at OpenQA.Selenium.Remote.RemoteWebDriver.StartSession(ICapabilities desiredCapabilities)
   at OpenQA.Selenium.Remote.RemoteWebDriver..ctor(ICommandExecutor commandExecutor, ICapabilities desiredCapabilities)
   at OpenQA.Selenium.Chrome.ChromeDriver..ctor(ChromeDriverService service, ChromeOptions options, TimeSpan commandTimeout)
   at PracticingSix.Browser.StartWebDriver() in C:\Users\user\source\repos\PracticingSix\Browser.cs:line 41
   at PracticingSix.Setup.BeforeTestRun() in C:\Users\user\source\repos\PracticingSix\Setup.cs:line 25
   at lambda_method(Closure , IContextManager )
   at TechTalk.SpecFlow.Bindings.BindingInvoker.InvokeBinding(IBinding binding, IContextManager contextManager, Object[] arguments, ITestTracer testTracer, TimeSpan& duration)
   at TechTalk.SpecFlow.Infrastructure.TestExecutionEngine.InvokeHook(IBindingInvoker invoker, IHookBinding hookBinding, HookType hookType)
   at TechTalk.SpecRun.SpecFlowPlugin.Runtime.RunnerTestExecutionEngine.InvokeHook(IBindingInvoker invoker, IHookBinding hookBinding, HookType hookType)
   at TechTalk.SpecFlow.Infrastructure.TestExecutionEngine.FireEvents(HookType hookType)
   at TechTalk.SpecFlow.Infrastructure.TestExecutionEngine.OnTestRunStart()
   at TechTalk.SpecRun.SpecFlowPlugin.Runtime.RunnerTestExecutionEngine.OnTestRunStart()
   at TechTalk.SpecFlow.TestRunner.OnTestRunStart()
   at TechTalk.SpecFlow.TestRunnerManager.FireTestRunStart()
   at TechTalk.SpecFlow.TestRunnerManager.OnTestRunStart(Assembly testAssembly, IContainerBuilder containerBuilder)
   at PracticingSix_SpecFlowPlusRunnerAssemblyHooks.AssemblyInitialize() in C:\Users\user\source\repos\PracticingSix\obj\Debug2\SpecFlow.Plus.Runner.AssemblyHooks.cs:line 10
   at TechTalk.SpecRun.Framework.TaskExecutors.StaticOrInstanceMethodExecutor.ExecuteInternal(ITestThreadExecutionContext testThreadExecutionContext)
   at TechTalk.SpecRun.Framework.TaskExecutors.StaticOrInstanceMethodExecutor.Execute(ITestThreadExecutionContext testThreadExecutionContext)
   at TechTalk.SpecRun.Framework.TestAssemblyExecutor.RunAssemblyInitializeExecutors(ITestAssemblyExecutorsProvider testAssemblyExecutorsProvider, ITestThreadExecutionContext testThreadExecutionContext)
   at TechTalk.SpecRun.Framework.TestAssemblyExecutor.RunTests(ITestAssemblyExecutorState executorState, ITestAssemblyExecutorsProvider testAssemblyExecutorsProvider, ITestThreadExecutionContext testThreadExecutionContext)
   at TechTalk.SpecRun.Framework.TestAssemblyExecutor.RunTests(TestThreadState testThreadState)
   at System.Runtime.Remoting.Messaging.StackBuilderSink._PrivateProcessMessage(IntPtr md, Object[] args, Object server, Object[]& outArgs)
   at System.Runtime.Remoting.Messaging.StackBuilderSink.SyncProcessMessage(IMessage msg)

Exception rethrown at [0]: 
   at System.Runtime.Remoting.Proxies.RealProxy.HandleReturnMessage(IMessage reqMsg, IMessage retMsg)
   at System.Runtime.Remoting.Proxies.RealProxy.PrivateInvoke(MessageData& msgData, Int32 type)
   at TechTalk.SpecRun.Framework.ITestAssemblyExecutor.RunTests(TestThreadState testThreadState)
   at TechTalk.SpecRun.Framework.Execution.InProcess.InProcAppDomainTestAssemblyExecutorHost.RunTests(TestThreadState testThreadState)
   at TechTalk.SpecRun.Framework.Execution.OutOfProcess.OutOfProcessTestAssemblyExecutor.RunTests(TestThreadState testThreadState)
   at TechTalk.SpecRun.Framework.Execution.OutOfProcess.OutOfProcessTestAssemblyExecutorReceiver.RunTests(TestThreadState testThreadState)
2021-09-08T21:42:47.2532172-06:00:test thread #0 error: StreamJsonRpc.RemoteInvocationException: session not created: This version of ChromeDriver only supports Chrome version 91
Current browser version is 93.0.4577.63 with binary path C:\Program Files (x86)\Google\Chrome\Application\chrome.exe (SessionNotCreated)
   at System.Runtime.CompilerServices.TaskAwaiter.ThrowForNonSuccess(Task task)
   at System.Runtime.CompilerServices.TaskAwaiter.HandleNonSuccessAndDebuggerNotification(Task task)
   at System.Runtime.CompilerServices.TaskAwaiter.ValidateEnd(Task task)
   at StreamJsonRpc.JsonRpc.<InvokeCoreAsync>d__88`1.MoveNext()
--- End of stack trace from previous location where exception was thrown ---
   at System.Runtime.CompilerServices.TaskAwaiter.ThrowForNonSuccess(Task task)
   at System.Runtime.CompilerServices.TaskAwaiter.HandleNonSuccessAndDebuggerNotification(Task task)
   at TechTalk.SpecFlow.Plus.RPC.TcpRpcClient.<Invoke>d__12`1.MoveNext()
--- End of stack trace from previous location where exception was thrown ---
   at System.Runtime.CompilerServices.TaskAwaiter.ThrowForNonSuccess(Task task)
   at System.Runtime.CompilerServices.TaskAwaiter.HandleNonSuccessAndDebuggerNotification(Task task)
   at TechTalk.SpecFlow.Plus.RPC.AsyncHelper.RunSync[TResult](Func`1 func)
   at TechTalk.SpecRun.Framework.Execution.OutOfProc.StreamJsonRPC.OutOfProcessTestAssemblyExecutorClient.RunTests(TestThreadState testThreadState)
   at TechTalk.SpecRun.Framework.Execution.OutOfProc.StreamJsonRPC.OutOfProcessTestAssemblyExecutorHost.RunTests(TestThreadState testThreadState)
   at TechTalk.SpecRun.Framework.TestThread.RunNonEmptyTestSuite(CancellationToken cancellationToken, TestThreadState testThreadState)
   at TechTalk.SpecRun.Framework.TestThread.Run(ITestExecutionManager executionManagerForRun, CancellationToken cancellationToken)
   at TechTalk.SpecRun.Framework.AsyncTestThreadRunner.RunSync(TestExecutionManager executionManager, CancellationToken cancellationToken)
2021-09-08T21:42:47.2542175-06:00:test thread error: TechTalk.SpecRun.Framework.SpecRunException: At least one test thread aborted. ---> StreamJsonRpc.RemoteInvocationException: session not created: This version of ChromeDriver only supports Chrome version 91
Current browser version is 93.0.4577.63 with binary path C:\Program Files (x86)\Google\Chrome\Application\chrome.exe (SessionNotCreated)
   at System.Runtime.CompilerServices.TaskAwaiter.ThrowForNonSuccess(Task task)
   at System.Runtime.CompilerServices.TaskAwaiter.HandleNonSuccessAndDebuggerNotification(Task task)
   at System.Runtime.CompilerServices.TaskAwaiter.ValidateEnd(Task task)
   at StreamJsonRpc.JsonRpc.<InvokeCoreAsync>d__88`1.MoveNext()
--- End of stack trace from previous location where exception was thrown ---
   at System.Runtime.CompilerServices.TaskAwaiter.ThrowForNonSuccess(Task task)
   at System.Runtime.CompilerServices.TaskAwaiter.HandleNonSuccessAndDebuggerNotification(Task task)
   at TechTalk.SpecFlow.Plus.RPC.TcpRpcClient.<Invoke>d__12`1.MoveNext()
--- End of stack trace from previous location where exception was thrown ---
   at System.Runtime.CompilerServices.TaskAwaiter.ThrowForNonSuccess(Task task)
   at System.Runtime.CompilerServices.TaskAwaiter.HandleNonSuccessAndDebuggerNotification(Task task)
   at TechTalk.SpecFlow.Plus.RPC.AsyncHelper.RunSync[TResult](Func`1 func)
   at TechTalk.SpecRun.Framework.Execution.OutOfProc.StreamJsonRPC.OutOfProcessTestAssemblyExecutorClient.RunTests(TestThreadState testThreadState)
   at TechTalk.SpecRun.Framework.Execution.OutOfProc.StreamJsonRPC.OutOfProcessTestAssemblyExecutorHost.RunTests(TestThreadState testThreadState)
   at TechTalk.SpecRun.Framework.TestThread.RunNonEmptyTestSuite(CancellationToken cancellationToken, TestThreadState testThreadState)
   at TechTalk.SpecRun.Framework.TestThread.Run(ITestExecutionManager executionManagerForRun, CancellationToken cancellationToken)
   at TechTalk.SpecRun.Framework.AsyncTestThreadRunner.RunSync(TestExecutionManager executionManager, CancellationToken cancellationToken)
   --- End of inner exception stack trace ---
2021-09-08T21:42:47.2542175-06:00:Trying to cancel thread
2021-09-08T21:42:47.2542175-06:00:Thread cancelled
2021-09-08T21:42:47.2542175-06:00:Trying to cancel thread
2021-09-08T21:42:47.2542175-06:00:Thread cancelled
2021-09-08T21:42:47.2622203-06:00:Thread#-1: Test #5/0 is started on thread #-1
2021-09-08T21:42:47.2642199-06:00:Thread#-1: Test #5/0 is finished on thread #-1 as Skipped within 0.0010019 seconds
2021-09-08T21:42:47.2652198-06:00:Thread#-1:Scheduler: get next test for thread -1
2021-09-08T21:42:47.2652198-06:00:Thread#:Scheduler: at the end of normal test queue
2021-09-08T21:42:47.2652198-06:00:Thread#-1:Scheduler: enumerator for thread is at end
2021-09-08T21:42:47.3022282-06:00;Thread#13;Info;test run finished
2021-09-08T21:42:47.3022282-06:00;Thread#13;Info;publishing test results
2021-09-08T21:42:47.3072385-06:00;Thread#13;Info;test results published
2021-09-08T21:42:47.3072385-06:00;Thread#13;Info;generating reports
2021-09-08T21:42:47.3982580-06:00;Thread#13;Info;Starting external report generation process
2021-09-08T21:42:48.2773342-06:00;Thread#13;Error;Could not generate test run result reports. An error occurred in the generator.
2021-09-08T21:42:48.2773342-06:00;Thread#13;Error;External program returned exit code '-2'
2021-09-08T21:42:48.2773342-06:00;Thread#13;Info;Failed generating reports
2021-09-08T21:42:48.2859632-06:00:Total: 1
2021-09-08T21:42:48.2879644-06:00:Succeeded: 0
2021-09-08T21:42:48.2890895-06:00:Ignored: 0
2021-09-08T21:42:48.2899741-06:00:Pending: 0
2021-09-08T21:42:48.2899741-06:00:Skipped: 1
2021-09-08T21:42:48.2899741-06:00:Failed: 0
2021-09-08T21:42:48.2929747-06:00;VSTestExecutionThread;Info;Adding attachments to VSTest
========== End of log file ==========
